[2019-04-12 13:21:23,292] MainThread      - INFO    : VERSION 1.12.21.dev0
[2019-04-12 13:21:23,293] MainThread      - INFO    : Using 've' as default product field. Use --product to overwrite.
[2019-04-12 13:21:23,311] MainThread      - INFO    : 1/1: vop ror ioana embedded-high 2.0.1-SNAPSHOT
[2019-04-12 13:21:23,311] MainThread      - INFO    : Stage ror_ioana_embedded-high-2.0.1-SNAPSHOT
[2019-04-12 13:21:24,841] MainThread      - INFO    : Found latest timestamp 20190407.195810-1 for package ror_ioana_cfg3-6.5.5.1.3.bundled-SNAPSHOT.zip.
[2019-04-12 13:21:24,890] MainThread      - INFO    : Package ror_ioana_cfg3-6.5.5.1.3.bundled-SNAPSHOT.zip found in cache directory with same checksum.
[2019-04-12 13:21:25,246] MainThread      - INFO    : Package ror_ioana_bet1-vop1_sch1f22_f22-2.0.0.zip found in cache directory with same checksum.
[2019-04-12 13:21:26,035] MainThread      - INFO    : Found latest timestamp 20190409.085534-1 for package ror_ioana_embedded-high-2.0.1-SNAPSHOT.zip.
[2019-04-12 13:21:26,071] MainThread      - INFO    : Package ror_ioana_embedded-high-2.0.1-SNAPSHOT.zip found in cache directory with same checksum.
[2019-04-12 13:21:26,079] MainThread      - INFO    : product is "ve"
[2019-04-12 13:21:26,081] MainThread      - INFO    : Generate Pipeline HDR
[2019-04-12 13:21:26,362] MainThread      - INFO    : Generate HDR E:\Users\SpO_MS_VOP\_tar\languages/ror/speech/ve/ve_pipeline_ror_ioana_22_embedded-high_2-0-1-SNAPSHOT.hdr
[2019-04-12 13:21:26,378] MainThread      - INFO    : Generate single package dat
[2019-04-12 13:21:28,736] MainThread      - INFO    : Package LW data as "E:\Users\SpO_MS_VOP\_tar\languages/ror/speech/components/ror_ioana_embedded-high_2-0-1-SNAPSHOT.dat" using loader file "c:\users\shanshan.xu\appdata\local\temp\7\tmp2m1t1h"
[2019-04-12 13:21:37,071] MainThread      - INFO    : packaging E:\Users\SpO_MS_VOP\_tar\languages/ror/speech/components/ror_ioana_embedded-high_2-0-1-SNAPSHOT.dat ...
[2019-04-12 13:21:37,072] MainThread      - INFO    : 
[2019-04-12 13:21:37,072] MainThread      - INFO    :    OUTPUT               : E:\Users\SpO_MS_VOP\_tar\languages/ror/speech/components/ror_ioana_embedded-high_2-0-1-SNAPSHOT.dat 
[2019-04-12 13:21:37,072] MainThread      - INFO    :    INPUT
[2019-04-12 13:21:37,072] MainThread      - INFO    :       MAINCLC           : _temp\ror_ioana_embedded-high\2.0.1-SNAPSHOT\ror_ioana_cfg3-6_5_5_1_3_bundled-SNAPSHOT_zip\clc_ror_cfg3.dat 
[2019-04-12 13:21:37,072] MainThread      - INFO    :       MAINCLC VERSION   : 6.0.0
[2019-04-12 13:21:37,072] MainThread      - INFO    :       PIPELINE          : E:\Users\SpO_MS_VOP\_tar\languages/ror/speech/ve/ve_pipeline_ror_ioana_22_embedded-high_2-0-1-SNAPSHOT.hdr 
[2019-04-12 13:21:37,073] MainThread      - INFO    :       CLC               : _temp\ror_ioana_embedded-high\2.0.1-SNAPSHOT\ror_ioana_cfg3-6_5_5_1_3_bundled-SNAPSHOT_zip\clc_ror_ioana_cfg3.dat 
[2019-04-12 13:21:37,073] MainThread      - INFO    :       CLC               : _temp\ror_ioana_embedded-high\2.0.1-SNAPSHOT\ror_ioana_cfg3-6_5_5_1_3_bundled-SNAPSHOT_zip\clc_eng_mpthreevadml.dat 
[2019-04-12 13:21:37,073] MainThread      - INFO    :       FILE              : _temp\ror_ioana_embedded-high\2.0.1-SNAPSHOT\ror_ioana_bet1-vop1_sch1f22_f22-2_0_0_zip\synth_ioana_vop1_sch1_f22.dat 
[2019-04-12 13:21:37,075] MainThread      - INFO    :       FILE              : _temp\ror_ioana_embedded-high\2.0.1-SNAPSHOT\ror_ioana_bet1-vop1_sch1f22_f22-2_0_0_zip\synth_ioana_vop1_sch1_f22_pmk.dat 
[2019-04-12 13:21:37,075] MainThread      - INFO    :       FILE              : _temp\ror_ioana_embedded-high\2.0.1-SNAPSHOT\ror_ioana_bet1-vop1_sch1f22_f22-2_0_0_zip\uselect_ioana_vop1.dat 
[2019-04-12 13:21:37,075] MainThread      - INFO    : 
